Using pre-set license
Built from '2021.2/staging' branch; Version is '2021.2.5f1 (4ec9a5e799f5) revision 5163429'; Using compiler version '192829333'; Build Type 'Release'
OS: 'Windows 10  (10.0.19044) 64bit Professional' Language: 'pt' Physical Memory: 3893 MB
BatchMode: 1, IsHumanControllingUs: 0, StartBugReporterOnCrash: 0, Is64bit: 1, IsPro: 0

COMMAND LINE ARGUMENTS:
C:\Program Files\Unity\Hub\Editor\2021.2.5f1\Editor\Unity.exe
-adb2
-batchMode
-noUpm
-name
AssetImportWorker164
-projectPath
C:/Users/Home/Desktop/Gabriel/Github/RPG-Game/WorldUzRPG
-logFile
Logs/AssetImportWorker164.log
-srvPort
61679
Successfully changed project path to: C:/Users/Home/Desktop/Gabriel/Github/RPG-Game/WorldUzRPG
C:/Users/Home/Desktop/Gabriel/Github/RPG-Game/WorldUzRPG
[UnityMemory] Configuration Parameters - Can be set up in boot.config
    "memorysetup-bucket-allocator-granularity=16"
    "memorysetup-bucket-allocator-bucket-count=8"
    "memorysetup-bucket-allocator-block-size=33554432"
    "memorysetup-bucket-allocator-block-count=8"
    "memorysetup-main-allocator-block-size=16777216"
    "memorysetup-thread-allocator-block-size=16777216"
    "memorysetup-gfx-main-allocator-block-size=16777216"
    "memorysetup-gfx-thread-allocator-block-size=16777216"
    "memorysetup-cache-allocator-block-size=4194304"
    "memorysetup-typetree-allocator-block-size=2097152"
    "memorysetup-profiler-bucket-allocator-granularity=16"
    "memorysetup-profiler-bucket-allocator-bucket-count=8"
    "memorysetup-profiler-bucket-allocator-block-size=33554432"
    "memorysetup-profiler-bucket-allocator-block-count=8"
    "memorysetup-profiler-allocator-block-size=16777216"
    "memorysetup-profiler-editor-allocator-block-size=1048576"
    "memorysetup-temp-allocator-size-main=16777216"
    "memorysetup-job-temp-allocator-block-size=2097152"
    "memorysetup-job-temp-allocator-block-size-background=1048576"
    "memorysetup-job-temp-allocator-reduction-small-platforms=262144"
    "memorysetup-temp-allocator-size-background-worker=32768"
    "memorysetup-temp-allocator-size-job-worker=262144"
    "memorysetup-temp-allocator-size-preload-manager=33554432"
    "memorysetup-temp-allocator-size-nav-mesh-worker=65536"
    "memorysetup-temp-allocator-size-audio-worker=65536"
    "memorysetup-temp-allocator-size-cloud-worker=32768"
    "memorysetup-temp-allocator-size-gi-baking-worker=262144"
    "memorysetup-temp-allocator-size-gfx=262144"
mdb reader table full -> cleaning up stale readers. Current readers:
    pid     thread     txnid
      1376 1844 -
      1376 d94 -
      3184 11b0 -
      5964 1698 -
      3388 149c 6921
      1816 196c -
      5200 1700 -
       100 1c74 -
      1268 1004 6959
      7564 1790 -
      3744 8bc -
      7488 1174 -
      2900 a8 -
      6844 1610 -
      5804 490 -
      1480 1130 -
      4820 12f4 -
      7884 cec -
      2664 af8 -
      8496 2134 6994
      8904 22cc -
      2864 1918 -
      2160 1764 -
      8792 225c -
      9088 2384 -
      8204 17b0 -
      6420 428 -
      9136 1864 -
      1228 1c48 -
      8776 224c -
      8632 2214 -
      8208 1e6c -
      5300 79c -
      8888 130c -
      8480 1fb4 -
      4368 2fc -
      5772 2310 -
      2348 152c -
      6112 1080 -
      6316 239c -
      7196 13dc -
      8728 2164 -
       300 2128 -
      7568 2394 -
      8984 135c -
      8836 1714 -
       240 1a9c -
      8348 1c70 -
      8848 1900 -
      8512 19f8 -
      8808 2168 -
      2956 1db4 -
      9020 7f8 -
      9032 440 -
      8956 1f98 -
      5972 c64 -
      6416 fc0 -
      8880 e6c -
      4860 1980 -
      3832 1340 -
      5152 140 -
      7776 20c4 -
      3236 2194 -
      9016 21cc -
      3524 14a0 -
      2392 2190 -
      8672 1d60 -
       652 1af0 -
      6768 187c -
      6100 22d8 -
      3652 1a5c -
      6016 6b4 -
      1124 744 -
      8376 3dc -
      2816 ca8 -
      8544 1840 -
       880 1dc8 -
      8404 21d8 -
      6544 17d0 -
      6688 480 -
      8716 18a8 -
      8572 23a0 -
      5524 232c -
      7852 620 -
      5500 18ec -
      4180 1a64 -
      2104 16c8 -
      8924 f50 -
      7780 23c0 -
      6224 15fc -
      6712 8f4 -
      9040 19a0 -
      9080 22c4 -
      6348 20e4 -
      7148 120c -
      8604 15f0 -
      3380 19c4 -
      2028 d20 -
      7276 2144 -
      8752 1a48 -
      8436 2170 -
      5744 714 -
      1184 132c -
      6408 63c -
      4020 15d0 -
      7224 20f0 -
      6308 2300 -
      5856 2210 -
      8280 1444 -
      7668 205c -
       544 19a8 -
       236 1974 -
      5860 1938 -
      8084 320 -
      1092 1cb0 -
      7844 2094 -
      5876 624 -
      8288 944 -
      4136 2278 -
      8932 bd4 -
      9716 25f8 -
     10220 27f0 -
     10116 2788 7097
      8228 201c -
     10156 2798 7099
      9572 2198 -
Cleaned out 124 stale readers
Refreshing native plugins compatible for Editor in 4303.60 ms, found 4 plugins.
Preloading 0 native plugins for Editor in 0.00 ms.
Initialize engine version: 2021.2.5f1 (4ec9a5e799f5)
[Subsystems] Discovering subsystems at path C:/Program Files/Unity/Hub/Editor/2021.2.5f1/Editor/Data/Resources/UnitySubsystems
[Subsystems] Discovering subsystems at path C:/Users/Home/Desktop/Gabriel/Github/RPG-Game/WorldUzRPG/Assets
GfxDevice: creating device client; threaded=0; jobified=0
Direct3D:
    Version:  Direct3D 11.0 [level 10.0]
    Renderer: Intel(R) HD Graphics (ID=0x46)
    Vendor:   Intel
    VRAM:     128 MB
    Driver:   8.15.10.2900
Initialize mono
Mono path[0] = 'C:/Program Files/Unity/Hub/Editor/2021.2.5f1/Editor/Data/Managed'
Mono path[1] = 'C:/Program Files/Unity/Hub/Editor/2021.2.5f1/Editor/Data/MonoBleedingEdge/lib/mono/unityjit-win32'
Mono config path = 'C:/Program Files/Unity/Hub/Editor/2021.2.5f1/Editor/Data/MonoBleedingEdge/etc'
Using monoOptions --debugger-agent=transport=dt_socket,embedding=1,server=y,suspend=n,address=127.0.0.1:56536
Begin MonoManager ReloadAssembly
Registering precompiled unity dll's ...
Register platform support module: C:/Program Files/Unity/Hub/Editor/2021.2.5f1/Editor/Data/PlaybackEngines/WindowsStandaloneSupport/UnityEditor.WindowsStandalone.Extensions.dll
Registered in 0.137711 seconds.
